app/build/intermediates/manifest_merge_blame_file/debug/manifest-merger-blame-debug-report.txt
1<?xml version="1.0" encoding="utf-8"?>
2<manifest xmlns:android="http://schemas.android.com/apk/res/android"
3    package="com.example.myapplication"
4    android:versionCode="1"
5    android:versionName="1.0" >
6
7    <uses-sdk
8        android:minSdkVersion="21"
8-->src\main\AndroidManifest.xml
9        android:targetSdkVersion="32" />
9-->src\main\AndroidManifest.xml
10
11    <uses-permission android:name="android.permission.ACCESS_NETWORK_STATE" />
11-->src\main\AndroidManifest.xml:6:5-79
11-->src\main\AndroidManifest.xml:6:22-76
12    <uses-permission android:name="android.permission.INTERNET" />
12-->src\main\AndroidManifest.xml:7:5-66
12-->src\main\AndroidManifest.xml:7:22-64
13
14    <application
14-->src\main\AndroidManifest.xml:9:5-30:19
15        android:allowBackup="true"
15-->src\main\AndroidManifest.xml:10:9-35
16        android:appComponentFactory="androidx.core.app.CoreComponentFactory"
16-->[androidx.core:core:1.7.0] AndroidManifest.xml:24:18-86
17        android:debuggable="true"
18        android:icon="@mipmap/ic_launcher"
18-->src\main\AndroidManifest.xml:11:9-43
19        android:label="@string/app_name"
19-->src\main\AndroidManifest.xml:12:9-41
20        android:roundIcon="@mipmap/ic_launcher_round"
20-->src\main\AndroidManifest.xml:13:9-54
21        android:supportsRtl="true"
21-->src\main\AndroidManifest.xml:14:9-35
22        android:testOnly="true"
23        android:theme="@style/Theme.MyApplication" >
23-->src\main\AndroidManifest.xml:15:9-51
24        <activity
24-->src\main\AndroidManifest.xml:17:9-19:40
25            android:name="com.example.myapplication.InfoActivity"
25-->src\main\AndroidManifest.xml:18:13-41
26            android:exported="false" />
26-->src\main\AndroidManifest.xml:19:13-37
27        <activity
27-->src\main\AndroidManifest.xml:20:9-29:20
28            android:name="com.example.myapplication.MainActivity"
28-->src\main\AndroidManifest.xml:21:13-41
29            android:exported="true"
29-->src\main\AndroidManifest.xml:23:13-36
30            android:windowSoftInputMode="adjustNothing" >
30-->src\main\AndroidManifest.xml:22:13-56
31            <intent-filter>
31-->src\main\AndroidManifest.xml:24:13-28:29
32                <action android:name="android.intent.action.MAIN" />
32-->src\main\AndroidManifest.xml:25:17-69
32-->src\main\AndroidManifest.xml:25:25-66
33
34                <category android:name="android.intent.category.LAUNCHER" />
34-->src\main\AndroidManifest.xml:27:17-77
34-->src\main\AndroidManifest.xml:27:27-74
35            </intent-filter>
36        </activity>
37        <activity
37-->[com.google.android.gms:play-services-base:17.6.0] AndroidManifest.xml:23:9-26:75
38            android:name="com.google.android.gms.common.api.GoogleApiActivity"
38-->[com.google.android.gms:play-services-base:17.6.0] AndroidManifest.xml:24:13-79
39            android:exported="false"
39-->[com.google.android.gms:play-services-base:17.6.0] AndroidManifest.xml:25:13-37
40            android:theme="@android:style/Theme.Translucent.NoTitleBar" />
40-->[com.google.android.gms:play-services-base:17.6.0] AndroidManifest.xml:26:13-72
41
42        <meta-data
42-->[com.google.android.gms:play-services-basement:17.6.0] AndroidManifest.xml:23:9-25:69
43            android:name="com.google.android.gms.version"
43-->[com.google.android.gms:play-services-basement:17.6.0] AndroidManifest.xml:24:13-58
44            android:value="@integer/google_play_services_version" />
44-->[com.google.android.gms:play-services-basement:17.6.0] AndroidManifest.xml:25:13-66
45    </application>
46
47</manifest>